<?xml version="1.0" encoding="UTF-8"?>
<!-- Generated by org.testng.reporters.JUnitXMLReporter -->
<testsuite hostname="LAPTOP-UHN3US91" ignored="2" name="Book a Flight" tests="4" failures="0" timestamp="19 Sep 2017 14:30:54 GMT" time="11.328" errors="0">
  <testcase name="login" time="3.953" classname="mercury.testcases.Login"/>
  <testcase name="findFlight" time="2.188" classname="mercury.testcases.BookFlight"/>
  <testcase name="selectFlight" time="1.574" classname="mercury.testcases.BookFlight"/>
  <testcase name="bookPurchase" time="2.999" classname="mercury.testcases.BookFlight"/>
  <testcase name="@BeforeSuite setup" time="0.0" classname="framework.testCore.Core">
    <ignored/>
  </testcase> <!-- @BeforeSuite setup -->
  <testcase name="@AfterSuite tearDown" time="0.0" classname="framework.testCore.Core">
    <ignored/>
  </testcase> <!-- @AfterSuite tearDown -->
</testsuite> <!-- Book a Flight -->
