<?xml version="1.0" encoding="UTF-8"?>
<!-- Generated by org.testng.reporters.JUnitXMLReporter -->
<testsuite hostname="LAPTOP-UHN3US91" ignored="0" name="User Credential Validations" tests="4" failures="0" timestamp="19 Sep 2017 15:32:41 GMT" time="12.335" errors="0">
  <testcase name="login" time="2.811" classname="mercury.testcases.UserCredentialValidations"/>
  <testcase name="login" time="2.392" classname="mercury.testcases.UserCredentialValidations"/>
  <testcase name="login" time="2.321" classname="mercury.testcases.UserCredentialValidations"/>
  <testcase name="login" time="4.195" classname="mercury.testcases.UserCredentialValidations"/>
</testsuite> <!-- User Credential Validations -->
