<?xml version="1.0" encoding="UTF-8"?>
<!-- Generated by org.testng.reporters.JUnitXMLReporter -->
<testsuite hostname="LAPTOP-UHN3US91" ignored="0" name="User Credential Validations" tests="4" failures="0" timestamp="19 Sep 2017 19:58:47 GMT" time="12.442" errors="0">
  <testcase name="login" time="2.687" classname="mercury.testcases.UserCredentialValidations"/>
  <testcase name="login" time="2.484" classname="mercury.testcases.UserCredentialValidations"/>
  <testcase name="login" time="2.406" classname="mercury.testcases.UserCredentialValidations"/>
  <testcase name="login" time="4.269" classname="mercury.testcases.UserCredentialValidations"/>
</testsuite> <!-- User Credential Validations -->
