<?xml version="1.0" encoding="UTF-8"?>
<testsuite xmlns:xsi="http://www.w3.org/2001/XMLSchema-instance" xsi:noNamespaceSchemaLocation="https://maven.apache.org/surefire/maven-surefire-plugin/xsd/surefire-test-report.xsd" name="TestSuite" time="31.825" tests="8" errors="0" skipped="0" failures="0">
  <properties>
[...]
</properties>
  <testcase name="login" classname="mercury.testcases.Login" time="3.714"/>
  <testcase name="findFlight" classname="mercury.testcases.BookFlight" time="2.244"/>
  <testcase name="selectFlight" classname="mercury.testcases.BookFlight" time="1.563"/>
  <testcase name="bookPurchase" classname="mercury.testcases.BookFlight" time="2.872"/>
  <testcase name="login" classname="mercury.testcases.UserCredentialValidations" time="2.601"/>
  <testcase name="login" classname="mercury.testcases.UserCredentialValidations" time="2.478"/>
  <testcase name="login" classname="mercury.testcases.UserCredentialValidations" time="2.433"/>
  <testcase name="login" classname="mercury.testcases.UserCredentialValidations" time="4.236"/>
</testsuite>