<?xml version="1.0" encoding="UTF-8"?>
<testsuite name="User Credential Validations"
           tests="4"
           failures="0"
           errors="0"
           skipped="0"
           time="11.719">
  <properties />
  
  
            <testcase name="login" time="2.811" classname="mercury.testcases.UserCredentialValidations" />
                <testcase name="login" time="4.195" classname="mercury.testcases.UserCredentialValidations" />
                <testcase name="login" time="2.392" classname="mercury.testcases.UserCredentialValidations" />
                <testcase name="login" time="2.321" classname="mercury.testcases.UserCredentialValidations" />
      
</testsuite>
