<?xml version="1.0" encoding="UTF-8"?>
<testsuite name="User Credential Validations"
           tests="4"
           failures="0"
           errors="0"
           skipped="0"
           time="11.749">
  <properties />
  
  
            <testcase name="login" time="2.603" classname="mercury.testcases.UserCredentialValidations" />
                <testcase name="login" time="2.434" classname="mercury.testcases.UserCredentialValidations" />
                <testcase name="login" time="2.477" classname="mercury.testcases.UserCredentialValidations" />
                <testcase name="login" time="4.235" classname="mercury.testcases.UserCredentialValidations" />
      
</testsuite>
